2021-09-16 09:12:12,531 : INFO : test_register : Register: Mercury Tours
2021-09-16 09:12:14,912 : INFO : test_register : Total Data = 3
2021-09-16 09:12:14,913 : DEBUG : test_register : 0
2021-09-16 09:12:14,913 : INFO : test_register : firstname = ariana
2021-09-16 09:12:16,881 : INFO : test_register : lastname = grande
2021-09-16 09:12:17,027 : INFO : test_register : phone = 8231253535
2021-09-16 09:12:17,157 : INFO : test_register : email = arianabutera@gmail.com
2021-09-16 09:12:17,351 : INFO : test_register : address = rio de janeiro
2021-09-16 09:12:17,563 : INFO : test_register : city = rio
2021-09-16 09:12:17,690 : INFO : test_register : state = rio de janeiro
2021-09-16 09:12:17,825 : INFO : test_register : postal_code = 1111
2021-09-16 09:12:18,063 : INFO : test_register : country = BRAZIL
2021-09-16 09:12:18,200 : INFO : test_register : username = arianagbutera
2021-09-16 09:12:18,356 : INFO : test_register : password = 4ri4nagraa
2021-09-16 09:12:18,483 : INFO : test_register : confirm password = 4ri4nagr
2021-09-16 09:12:20,523 : INFO : test_register : succesfully register
2021-09-16 09:12:40,491 : DEBUG : test_register : 1
2021-09-16 09:12:40,492 : INFO : test_register : firstname = megan
2021-09-16 09:14:23,156 : INFO : test_register : Register: Mercury Tours
2021-09-16 09:14:23,630 : INFO : test_register : Total Data = 3
2021-09-16 09:14:23,630 : DEBUG : test_register : 0
2021-09-16 09:14:23,631 : INFO : test_register : firstname = ariana
2021-09-16 09:14:24,030 : INFO : test_register : lastname = grande
2021-09-16 09:14:24,150 : INFO : test_register : phone = 8231253535
2021-09-16 09:14:24,281 : INFO : test_register : email = arianabutera@gmail.com
2021-09-16 09:14:24,456 : INFO : test_register : address = rio de janeiro
2021-09-16 09:14:24,608 : INFO : test_register : city = rio
2021-09-16 09:14:24,729 : INFO : test_register : state = rio de janeiro
2021-09-16 09:14:24,865 : INFO : test_register : postal_code = 1111
2021-09-16 09:14:24,985 : INFO : test_register : country = BRAZIL
2021-09-16 09:14:25,116 : INFO : test_register : username = arianagbutera
2021-09-16 09:14:25,249 : INFO : test_register : password = 4ri4nagraa
2021-09-16 09:14:25,384 : INFO : test_register : confirm password = 4ri4nagr
2021-09-16 09:14:28,171 : INFO : test_register : succesfully register
2021-09-16 09:14:29,386 : DEBUG : test_register : 1
2021-09-16 09:14:29,386 : INFO : test_register : firstname = megan
2021-09-16 09:14:29,522 : INFO : test_register : lastname = fox
2021-09-16 09:14:29,649 : INFO : test_register : phone = 21323442
2021-09-16 09:14:29,820 : INFO : test_register : email = meganfox@gmail.com
2021-09-16 09:14:29,961 : INFO : test_register : address = toronto ontario
2021-09-16 09:14:30,100 : INFO : test_register : city = toronto
2021-09-16 09:14:30,224 : INFO : test_register : state = ontario
2021-09-16 09:14:30,345 : INFO : test_register : postal_code = 2222
2021-09-16 09:14:30,469 : INFO : test_register : country = CANADA
2021-09-16 09:14:30,590 : INFO : test_register : username = meganfoxxx
2021-09-16 09:14:30,718 : INFO : test_register : password = m3g4nf0x
2021-09-16 09:14:30,841 : INFO : test_register : confirm password = m3g4nf0x
2021-09-16 09:14:33,153 : INFO : test_register : succesfully register
2021-09-16 09:14:33,933 : DEBUG : test_register : 2
2021-09-16 09:14:33,934 : INFO : test_register : firstname = miranda
2021-09-16 09:14:34,071 : INFO : test_register : lastname = kerr
2021-09-16 09:14:34,196 : INFO : test_register : phone = 455677777
2021-09-16 09:14:34,327 : INFO : test_register : email = mirandakerr@gmail.com
2021-09-16 09:14:34,481 : INFO : test_register : address = Bogota colombia
2021-09-16 09:14:34,621 : INFO : test_register : city = Bogota
2021-09-16 09:14:34,738 : INFO : test_register : state = santa fe de bogota
2021-09-16 09:14:34,886 : INFO : test_register : postal_code = 333333
2021-09-16 09:14:35,005 : INFO : test_register : country = COLOMBIA
2021-09-16 09:14:35,140 : INFO : test_register : username = mirandakerr
2021-09-16 09:14:35,273 : INFO : test_register : password = mir4nd4k3rr
2021-09-16 09:14:35,399 : INFO : test_register : confirm password = mir4nd4k3rr
2021-09-16 09:14:37,675 : INFO : test_register : succesfully register
2021-09-16 09:18:40,676 : INFO : test_register : Register: Mercury Tours
2021-09-16 09:18:41,176 : INFO : test_register : Total Data = 3
2021-09-16 09:18:41,176 : DEBUG : test_register : 0
2021-09-16 09:18:41,176 : INFO : test_register : firstname = ariana
2021-09-16 09:18:41,745 : INFO : test_register : lastname = grande
2021-09-16 09:18:41,916 : INFO : test_register : phone = 8231253535
2021-09-16 09:18:42,075 : INFO : test_register : email = arianabutera@gmail.com
2021-09-16 09:18:42,312 : INFO : test_register : address = rio de janeiro
2021-09-16 09:18:42,481 : INFO : test_register : city = rio
2021-09-16 09:18:42,608 : INFO : test_register : state = rio de janeiro
2021-09-16 09:18:42,890 : INFO : test_register : postal_code = 1111
2021-09-16 09:18:43,034 : INFO : test_register : country = BRAZIL
2021-09-16 09:18:43,182 : INFO : test_register : username = arianagbutera
2021-09-16 09:18:43,356 : INFO : test_register : password = 4ri4nagraa
2021-09-16 09:18:43,511 : INFO : test_register : confirm password = 4ri4nagraa
2021-09-16 09:19:08,152 : INFO : test_register : succesfully register
2021-09-16 09:19:09,049 : DEBUG : test_register : 1
2021-09-16 09:19:09,049 : INFO : test_register : firstname = megan
2021-09-16 09:19:09,176 : INFO : test_register : lastname = fox
2021-09-16 09:19:09,299 : INFO : test_register : phone = 21323442
2021-09-16 09:19:09,435 : INFO : test_register : email = meganfox@gmail.com
2021-09-16 09:19:09,659 : INFO : test_register : address = toronto ontario
2021-09-16 09:19:09,829 : INFO : test_register : city = toronto
2021-09-16 09:19:09,985 : INFO : test_register : state = ontario
2021-09-16 09:19:10,148 : INFO : test_register : postal_code = 2222
2021-09-16 09:19:10,293 : INFO : test_register : country = CANADA
2021-09-16 09:19:10,528 : INFO : test_register : username = meganfoxxx
2021-09-16 09:19:10,690 : INFO : test_register : password = m3g4nf0x
2021-09-16 09:19:10,843 : INFO : test_register : confirm password = m3g4nf0x
2021-09-16 09:19:12,521 : INFO : test_register : succesfully register
2021-09-16 09:19:13,387 : DEBUG : test_register : 2
2021-09-16 09:19:13,387 : INFO : test_register : firstname = miranda
2021-09-16 09:19:13,572 : INFO : test_register : lastname = kerr
2021-09-16 09:19:13,726 : INFO : test_register : phone = 455677777
2021-09-16 09:19:13,879 : INFO : test_register : email = mirandakerr@gmail.com
2021-09-16 09:19:14,061 : INFO : test_register : address = Bogota colombia
2021-09-16 09:19:14,253 : INFO : test_register : city = Bogota
2021-09-16 09:19:14,396 : INFO : test_register : state = santa fe de bogota
2021-09-16 09:19:14,603 : INFO : test_register : postal_code = 333333
2021-09-16 09:19:14,957 : INFO : test_register : country = COLOMBIA
2021-09-16 09:19:15,097 : INFO : test_register : username = mirandakerr
2021-09-16 09:19:15,247 : INFO : test_register : password = mir4nd4k3rr
2021-09-16 09:19:15,417 : INFO : test_register : confirm password = mir4nd4k3rr
2021-09-16 09:19:41,569 : INFO : test_register : succesfully register
